<?xml version="1.0" encoding="UTF-8"?>
<coverage generated="1538316549905" clover="3.2.0">
  <project timestamp="1538316549905" name="All files">
    <metrics statements="14" coveredstatements="14" conditionals="2" coveredconditionals="0" methods="7" coveredmethods="4" elements="23" coveredelements="18" complexity="0" loc="14" ncloc="14" packages="1" files="1" classes="1">
      <file name="main.js" path="/Users/ovidio/Documents/Projects/github.com/ocalvet/functional-js/main.js">
        <metrics statements="14" coveredstatements="14" conditionals="2" coveredconditionals="0" methods="7" coveredmethods="4"/>
        <line num="1" count="1" type="stmt"/>
        <line num="3" count="1" type="stmt"/>
        <line num="5" count="1" type="stmt"/>
        <line num="6" count="1" type="cond" truecount="0" falsecount="2"/>
        <line num="7" count="1" type="stmt"/>
        <line num="8" count="1" type="stmt"/>
        <line num="11" count="1" type="stmt"/>
        <line num="14" count="1" type="stmt"/>
        <line num="15" count="1" type="stmt"/>
        <line num="16" count="4" type="stmt"/>
        <line num="18" count="1" type="stmt"/>
        <line num="20" count="4" type="stmt"/>
        <line num="21" count="1" type="stmt"/>
        <line num="23" count="1" type="stmt"/>
      </file>
    </metrics>
  </project>
</coverage>
