{"total": {"lines":{"total":14,"covered":14,"skipped":0,"pct":100},"statements":{"total":19,"covered":16,"skipped":0,"pct":84.21},"functions":{"total":7,"covered":4,"skipped":0,"pct":57.14},"branches":{"total":2,"covered":0,"skipped":0,"pct":0}}
,"/Users/ovidio/Documents/Projects/github.com/ocalvet/functional-js/main.js": {"lines":{"total":14,"covered":14,"skipped":0,"pct":100},"functions":{"total":7,"covered":4,"skipped":0,"pct":57.14},"statements":{"total":19,"covered":16,"skipped":0,"pct":84.21},"branches":{"total":2,"covered":0,"skipped":0,"pct":0}}
}
