{"total": {"lines":{"total":26,"covered":24,"skipped":0,"pct":92.31},"statements":{"total":36,"covered":31,"skipped":0,"pct":86.11},"functions":{"total":14,"covered":9,"skipped":0,"pct":64.29},"branches":{"total":6,"covered":2,"skipped":0,"pct":33.33}}
,"/Users/ovidio/Documents/Projects/github.com/ocalvet/functional-js/main.js": {"lines":{"total":21,"covered":19,"skipped":0,"pct":90.48},"functions":{"total":13,"covered":8,"skipped":0,"pct":61.54},"statements":{"total":30,"covered":25,"skipped":0,"pct":83.33},"branches":{"total":4,"covered":0,"skipped":0,"pct":0}}
,"/Users/ovidio/Documents/Projects/github.com/ocalvet/functional-js/maybe.js": {"lines":{"total":5,"covered":5,"skipped":0,"pct":100},"functions":{"total":1,"covered":1,"skipped":0,"pct":100},"statements":{"total":6,"covered":6,"skipped":0,"pct":100},"branches":{"total":2,"covered":2,"skipped":0,"pct":100}}
}
