{"/Users/ovidio/Documents/Projects/github.com/ocalvet/functional-js/main.js": {"path":"/Users/ovidio/Documents/Projects/github.com/ocalvet/functional-js/main.js","statementMap":{"0":{"start":{"line":1,"column":10},"end":{"line":1,"column":26}},"1":{"start":{"line":3,"column":17},"end":{"line":3,"column":48}},"2":{"start":{"line":5,"column":12},"end":{"line":5,"column":31}},"3":{"start":{"line":5,"column":17},"end":{"line":5,"column":31}},"4":{"start":{"line":6,"column":19},"end":{"line":6,"column":47}},"5":{"start":{"line":6,"column":24},"end":{"line":6,"column":47}},"6":{"start":{"line":7,"column":17},"end":{"line":7,"column":40}},"7":{"start":{"line":7,"column":27},"end":{"line":7,"column":40}},"8":{"start":{"line":8,"column":12},"end":{"line":8,"column":48}},"9":{"start":{"line":11,"column":12},"end":{"line":11,"column":53}},"10":{"start":{"line":11,"column":39},"end":{"line":11,"column":52}},"11":{"start":{"line":14,"column":15},"end":{"line":19,"column":2}},"12":{"start":{"line":15,"column":17},"end":{"line":17,"column":3}},"13":{"start":{"line":16,"column":4},"end":{"line":16,"column":26}},"14":{"start":{"line":18,"column":2},"end":{"line":18,"column":32}},"15":{"start":{"line":20,"column":16},"end":{"line":20,"column":28}},"16":{"start":{"line":20,"column":23},"end":{"line":20,"column":28}},"17":{"start":{"line":21,"column":24},"end":{"line":21,"column":39}},"18":{"start":{"line":23,"column":0},"end":{"line":26,"column":2}}},"fnMap":{"0":{"name":"(anonymous_0)","decl":{"start":{"line":5,"column":12},"end":{"line":5,"column":13}},"loc":{"start":{"line":5,"column":17},"end":{"line":5,"column":31}},"line":5},"1":{"name":"(anonymous_1)","decl":{"start":{"line":6,"column":19},"end":{"line":6,"column":20}},"loc":{"start":{"line":6,"column":24},"end":{"line":6,"column":47}},"line":6},"2":{"name":"(anonymous_2)","decl":{"start":{"line":7,"column":17},"end":{"line":7,"column":18}},"loc":{"start":{"line":7,"column":27},"end":{"line":7,"column":40}},"line":7},"3":{"name":"(anonymous_3)","decl":{"start":{"line":11,"column":20},"end":{"line":11,"column":21}},"loc":{"start":{"line":11,"column":39},"end":{"line":11,"column":52}},"line":11},"4":{"name":"(anonymous_4)","decl":{"start":{"line":14,"column":23},"end":{"line":14,"column":24}},"loc":{"start":{"line":14,"column":36},"end":{"line":19,"column":1}},"line":14},"5":{"name":"(anonymous_5)","decl":{"start":{"line":15,"column":17},"end":{"line":15,"column":18}},"loc":{"start":{"line":15,"column":27},"end":{"line":17,"column":3}},"line":15},"6":{"name":"(anonymous_6)","decl":{"start":{"line":20,"column":16},"end":{"line":20,"column":17}},"loc":{"start":{"line":20,"column":23},"end":{"line":20,"column":28}},"line":20}},"branchMap":{"0":{"loc":{"start":{"line":6,"column":24},"end":{"line":6,"column":47}},"type":"cond-expr","locations":[{"start":{"line":6,"column":28},"end":{"line":6,"column":39}},{"start":{"line":6,"column":42},"end":{"line":6,"column":47}}],"line":6}},"s":{"0":1,"1":1,"2":1,"3":0,"4":1,"5":0,"6":1,"7":0,"8":1,"9":1,"10":1,"11":1,"12":1,"13":4,"14":1,"15":1,"16":4,"17":1,"18":1},"f":{"0":0,"1":0,"2":0,"3":1,"4":1,"5":4,"6":4},"b":{"0":[0,0]},"_coverageSchema":"332fd63041d2c1bcb487cc26dd0d5f7d97098a6c","hash":"ea426ceee4d3fc49c5843df93061f7f05b2d623c"}
}
